a:\new project\lao-2017\lao-2017\debug\lao-2017.pch
a:\new project\lao-2017\lao-2017\debug\vc141.pdb
a:\new project\lao-2017\lao-2017\debug\vc141.idb
a:\new project\lao-2017\lao-2017\debug\stdafx.obj
a:\new project\lao-2017\lao-2017\debug\error.obj
a:\new project\lao-2017\lao-2017\debug\in.obj
a:\new project\lao-2017\lao-2017\debug\it.obj
a:\new project\lao-2017\lao-2017\debug\lao2017.obj
a:\new project\lao-2017\lao-2017\debug\log.obj
a:\new project\lao-2017\lao-2017\debug\lt.obj
a:\new project\lao-2017\lao-2017\debug\parm.obj
a:\new project\lao-2017\lao-2017\debug\fst.obj
a:\new project\lao-2017\lao-2017\debug\lexicalanalize.obj
a:\new project\lao-2017\lao-2017\debug\mfst.obj
a:\new project\lao-2017\lao-2017\debug\grb.obj
a:\new project\lao-2017\debug\lao-2017.exe
a:\new project\lao-2017\debug\lao-2017.ilk
a:\new project\lao-2017\debug\lao-2017.pdb
a:\new project\lao-2017\lao-2017\debug\lao-2017.tlog\cl.command.1.tlog
a:\new project\lao-2017\lao-2017\debug\lao-2017.tlog\cl.read.1.tlog
a:\new project\lao-2017\lao-2017\debug\lao-2017.tlog\cl.write.1.tlog
a:\new project\lao-2017\lao-2017\debug\lao-2017.tlog\link.command.1.tlog
a:\new project\lao-2017\lao-2017\debug\lao-2017.tlog\link.read.1.tlog
a:\new project\lao-2017\lao-2017\debug\lao-2017.tlog\link.write.1.tlog
